<?xml version="1.0" encoding="UTF-8"?>
<!-- Generated by org.testng.reporters.JUnitXMLReporter -->
<testsuite hostname="DESKTOP-B2H6JUI" ignored="0" name="flightbooking" tests="1" failures="1" timestamp="2020-09-05T11:01:22 IST" time="26.07" errors="0">
  <testcase name="FlightBookingScenario_001" time="25.752" classname="com.goibibo.flightbooking.mozrakTest.FlightBookingScenario">
    <failure type="java.lang.NullPointerException">
      <![CDATA[java.lang.NullPointerException
at org.openqa.selenium.support.ui.ExpectedConditions.elementIfVisible(ExpectedConditions.java:314)
at org.openqa.selenium.support.ui.ExpectedConditions.access$000(ExpectedConditions.java:43)
at org.openqa.selenium.support.ui.ExpectedConditions$10.apply(ExpectedConditions.java:300)
at org.openqa.selenium.support.ui.ExpectedConditions$10.apply(ExpectedConditions.java:297)
at org.openqa.selenium.support.ui.ExpectedConditions$23.apply(ExpectedConditions.java:670)
at org.openqa.selenium.support.ui.ExpectedConditions$23.apply(ExpectedConditions.java:666)
at org.openqa.selenium.support.ui.FluentWait.until(FluentWait.java:249)
at com.goibibo.flightbooking.mozrakTest.page.DialogPage.pressSkipButton(DialogPage.java:21)
at com.goibibo.flightbooking.mozrakTest.FlightBookingScenario.FlightBookingScenario_001(FlightBookingScenario.java:17)
at java.util.ArrayList.forEach(ArrayList.java:1257)
... Removed 27 stack frames]]>
    </failure>
  </testcase> <!-- FlightBookingScenario_001 -->
</testsuite> <!-- flightbooking -->
