<?xml version="1.0" encoding="UTF-8"?>
<testng-results skipped="0" failed="0" ignored="0" total="1" passed="1">
  <reporter-output>
  </reporter-output>
  <suite name="Default suite" duration-ms="63576" started-at="2020-09-05T11:09:38 IST" finished-at="2020-09-05T11:10:42 IST">
    <groups>
    </groups>
    <test name="Default test" duration-ms="63576" started-at="2020-09-05T11:09:38 IST" finished-at="2020-09-05T11:10:42 IST">
      <class name="com.goibibo.flightbooking.mozrakTest.FlightBookingScenario">
        <test-method status="PASS" signature="FlightBookingScenario_001()[pri:0, instance:com.goibibo.flightbooking.mozrakTest.FlightBookingScenario@30b8a058]" name="FlightBookingScenario_001" duration-ms="63231" started-at="2020-09-05T11:09:38 IST" finished-at="2020-09-05T11:10:41 IST">
          <reporter-output>
          </reporter-output>
        </test-method> <!-- FlightBookingScenario_001 -->
        <test-method status="PASS" signature="End()[pri:0, instance:com.goibibo.flightbooking.mozrakTest.FlightBookingScenario@30b8a058]" name="End" is-config="true" duration-ms="303" started-at="2020-09-05T11:10:41 IST" finished-at="2020-09-05T11:10:42 IST">
          <reporter-output>
          </reporter-output>
        </test-method> <!-- End -->
      </class> <!-- com.goibibo.flightbooking.mozrakTest.FlightBookingScenario -->
    </test> <!-- Default test -->
  </suite> <!-- Default suite -->
</testng-results>
